<?xml version="1.0" encoding="UTF-8" ?>
<testsuite tests="5" failures="0" name="com.tutorialsninja.automation.runner.TestRunner" time="0.065" errors="0" skipped="0">
  <properties>
[...]
</properties>
  <testcase classname="Scenario: Verify if user is able to valuate the property using Zoopla link" name="Given I launch the application" time="0.002"/>
  <testcase classname="Scenario: Verify if user is able to valuate the property using Zoopla link" name="And I go to AI valuation page" time="0"/>
  <testcase classname="Scenario: Verify if user is able to valuate the property using Zoopla link" name="When I provide Zoopla link for valuation" time="0"/>
  <testcase classname="Scenario: Verify if user is able to valuate the property using Zoopla link" name="Then I should get AI valuation for the property" time="0"/>
  <testcase classname="Scenario: Verify if user is able to valuate the property using Zoopla link" name="Scenario: Verify if user is able to valuate the property using Zoopla link" time="0.063"/>
</testsuite>